c:\users\david\documents\github\code\desarrollo\spaceship1414\spaceship1414\debug\vc140.pdb
c:\users\david\documents\github\code\desarrollo\spaceship1414\spaceship1414\debug\vc140.idb
c:\users\david\documents\github\code\desarrollo\spaceship1414\spaceship1414\debug\b2rope.sbr
c:\users\david\documents\github\code\desarrollo\spaceship1414\spaceship1414\debug\b2wheeljoint.sbr
c:\users\david\documents\github\code\desarrollo\spaceship1414\spaceship1414\debug\b2weldjoint.sbr
c:\users\david\documents\github\code\desarrollo\spaceship1414\spaceship1414\debug\b2ropejoint.sbr
c:\users\david\documents\github\code\desarrollo\spaceship1414\spaceship1414\debug\b2revolutejoint.sbr
c:\users\david\documents\github\code\desarrollo\spaceship1414\spaceship1414\debug\b2pulleyjoint.sbr
c:\users\david\documents\github\code\desarrollo\spaceship1414\spaceship1414\debug\b2prismaticjoint.sbr
c:\users\david\documents\github\code\desarrollo\spaceship1414\spaceship1414\debug\b2mousejoint.sbr
c:\users\david\documents\github\code\desarrollo\spaceship1414\spaceship1414\debug\b2motorjoint.sbr
c:\users\david\documents\github\code\desarrollo\spaceship1414\spaceship1414\debug\b2joint.sbr
c:\users\david\documents\github\code\desarrollo\spaceship1414\spaceship1414\debug\b2gearjoint.sbr
c:\users\david\documents\github\code\desarrollo\spaceship1414\spaceship1414\debug\b2frictionjoint.sbr
c:\users\david\documents\github\code\desarrollo\spaceship1414\spaceship1414\debug\b2distancejoint.sbr
c:\users\david\documents\github\code\desarrollo\spaceship1414\spaceship1414\debug\b2polygoncontact.sbr
c:\users\david\documents\github\code\desarrollo\spaceship1414\spaceship1414\debug\b2polygonandcirclecontact.sbr
c:\users\david\documents\github\code\desarrollo\spaceship1414\spaceship1414\debug\b2edgeandpolygoncontact.sbr
c:\users\david\documents\github\code\desarrollo\spaceship1414\spaceship1414\debug\b2edgeandcirclecontact.sbr
c:\users\david\documents\github\code\desarrollo\spaceship1414\spaceship1414\debug\b2contactsolver.sbr
c:\users\david\documents\github\code\desarrollo\spaceship1414\spaceship1414\debug\b2contact.sbr
c:\users\david\documents\github\code\desarrollo\spaceship1414\spaceship1414\debug\b2circlecontact.sbr
c:\users\david\documents\github\code\desarrollo\spaceship1414\spaceship1414\debug\b2circlecontact.obj
c:\users\david\documents\github\code\desarrollo\spaceship1414\spaceship1414\debug\b2contact.obj
c:\users\david\documents\github\code\desarrollo\spaceship1414\spaceship1414\debug\b2contactsolver.obj
c:\users\david\documents\github\code\desarrollo\spaceship1414\spaceship1414\debug\b2edgeandcirclecontact.obj
c:\users\david\documents\github\code\desarrollo\spaceship1414\spaceship1414\debug\b2edgeandpolygoncontact.obj
c:\users\david\documents\github\code\desarrollo\spaceship1414\spaceship1414\debug\b2polygonandcirclecontact.obj
c:\users\david\documents\github\code\desarrollo\spaceship1414\spaceship1414\debug\b2polygoncontact.obj
c:\users\david\documents\github\code\desarrollo\spaceship1414\spaceship1414\debug\b2distancejoint.obj
c:\users\david\documents\github\code\desarrollo\spaceship1414\spaceship1414\debug\b2frictionjoint.obj
c:\users\david\documents\github\code\desarrollo\spaceship1414\spaceship1414\debug\b2gearjoint.obj
c:\users\david\documents\github\code\desarrollo\spaceship1414\spaceship1414\debug\b2joint.obj
c:\users\david\documents\github\code\desarrollo\spaceship1414\spaceship1414\debug\b2motorjoint.obj
c:\users\david\documents\github\code\desarrollo\spaceship1414\spaceship1414\debug\b2mousejoint.obj
c:\users\david\documents\github\code\desarrollo\spaceship1414\spaceship1414\debug\b2prismaticjoint.obj
c:\users\david\documents\github\code\desarrollo\spaceship1414\spaceship1414\debug\b2pulleyjoint.obj
c:\users\david\documents\github\code\desarrollo\spaceship1414\spaceship1414\debug\b2revolutejoint.obj
c:\users\david\documents\github\code\desarrollo\spaceship1414\spaceship1414\debug\b2ropejoint.obj
c:\users\david\documents\github\code\desarrollo\spaceship1414\spaceship1414\debug\b2weldjoint.obj
c:\users\david\documents\github\code\desarrollo\spaceship1414\spaceship1414\debug\b2wheeljoint.obj
c:\users\david\documents\github\code\desarrollo\spaceship1414\spaceship1414\debug\b2rope.obj
c:\users\david\documents\github\code\desarrollo\spaceship1414\spaceship1414\debug\b2chainandpolygoncontact.sbr
c:\users\david\documents\github\code\desarrollo\spaceship1414\spaceship1414\debug\b2chainandcirclecontact.sbr
c:\users\david\documents\github\code\desarrollo\spaceship1414\spaceship1414\debug\b2worldcallbacks.sbr
c:\users\david\documents\github\code\desarrollo\spaceship1414\spaceship1414\debug\b2world.sbr
c:\users\david\documents\github\code\desarrollo\spaceship1414\spaceship1414\debug\b2island.sbr
c:\users\david\documents\github\code\desarrollo\spaceship1414\spaceship1414\debug\b2fixture.sbr
c:\users\david\documents\github\code\desarrollo\spaceship1414\spaceship1414\debug\b2contactmanager.sbr
c:\users\david\documents\github\code\desarrollo\spaceship1414\spaceship1414\debug\b2body.sbr
c:\users\david\documents\github\code\desarrollo\spaceship1414\spaceship1414\debug\b2timer.sbr
c:\users\david\documents\github\code\desarrollo\spaceship1414\spaceship1414\debug\b2stackallocator.sbr
c:\users\david\documents\github\code\desarrollo\spaceship1414\spaceship1414\debug\b2settings.sbr
c:\users\david\documents\github\code\desarrollo\spaceship1414\spaceship1414\debug\b2math.sbr
c:\users\david\documents\github\code\desarrollo\spaceship1414\spaceship1414\debug\b2draw.sbr
c:\users\david\documents\github\code\desarrollo\spaceship1414\spaceship1414\debug\b2blockallocator.sbr
c:\users\david\documents\github\code\desarrollo\spaceship1414\spaceship1414\debug\b2polygonshape.sbr
c:\users\david\documents\github\code\desarrollo\spaceship1414\spaceship1414\debug\b2edgeshape.sbr
c:\users\david\documents\github\code\desarrollo\spaceship1414\spaceship1414\debug\b2circleshape.sbr
c:\users\david\documents\github\code\desarrollo\spaceship1414\spaceship1414\debug\b2chainshape.sbr
c:\users\david\documents\github\code\desarrollo\spaceship1414\spaceship1414\debug\b2timeofimpact.sbr
c:\users\david\documents\github\code\desarrollo\spaceship1414\spaceship1414\debug\b2dynamictree.sbr
c:\users\david\documents\github\code\desarrollo\spaceship1414\spaceship1414\debug\b2dynamictree.obj
c:\users\david\documents\github\code\desarrollo\spaceship1414\spaceship1414\debug\b2timeofimpact.obj
c:\users\david\documents\github\code\desarrollo\spaceship1414\spaceship1414\debug\b2chainshape.obj
c:\users\david\documents\github\code\desarrollo\spaceship1414\spaceship1414\debug\b2circleshape.obj
c:\users\david\documents\github\code\desarrollo\spaceship1414\spaceship1414\debug\b2edgeshape.obj
c:\users\david\documents\github\code\desarrollo\spaceship1414\spaceship1414\debug\b2polygonshape.obj
c:\users\david\documents\github\code\desarrollo\spaceship1414\spaceship1414\debug\b2blockallocator.obj
c:\users\david\documents\github\code\desarrollo\spaceship1414\spaceship1414\debug\b2draw.obj
c:\users\david\documents\github\code\desarrollo\spaceship1414\spaceship1414\debug\b2math.obj
c:\users\david\documents\github\code\desarrollo\spaceship1414\spaceship1414\debug\b2settings.obj
c:\users\david\documents\github\code\desarrollo\spaceship1414\spaceship1414\debug\b2stackallocator.obj
c:\users\david\documents\github\code\desarrollo\spaceship1414\spaceship1414\debug\b2timer.obj
c:\users\david\documents\github\code\desarrollo\spaceship1414\spaceship1414\debug\b2body.obj
c:\users\david\documents\github\code\desarrollo\spaceship1414\spaceship1414\debug\b2contactmanager.obj
c:\users\david\documents\github\code\desarrollo\spaceship1414\spaceship1414\debug\b2fixture.obj
c:\users\david\documents\github\code\desarrollo\spaceship1414\spaceship1414\debug\b2island.obj
c:\users\david\documents\github\code\desarrollo\spaceship1414\spaceship1414\debug\b2world.obj
c:\users\david\documents\github\code\desarrollo\spaceship1414\spaceship1414\debug\b2worldcallbacks.obj
c:\users\david\documents\github\code\desarrollo\spaceship1414\spaceship1414\debug\b2chainandcirclecontact.obj
c:\users\david\documents\github\code\desarrollo\spaceship1414\spaceship1414\debug\b2chainandpolygoncontact.obj
c:\users\david\documents\github\code\desarrollo\spaceship1414\spaceship1414\debug\b2distance.sbr
c:\users\david\documents\github\code\desarrollo\spaceship1414\spaceship1414\debug\b2collision.sbr
c:\users\david\documents\github\code\desarrollo\spaceship1414\spaceship1414\debug\b2collidepolygon.sbr
c:\users\david\documents\github\code\desarrollo\spaceship1414\spaceship1414\debug\b2collideedge.sbr
c:\users\david\documents\github\code\desarrollo\spaceship1414\spaceship1414\debug\b2collidecircle.sbr
c:\users\david\documents\github\code\desarrollo\spaceship1414\spaceship1414\debug\b2broadphase.sbr
c:\users\david\documents\github\code\desarrollo\spaceship1414\spaceship1414\debug\readjson.sbr
c:\users\david\documents\github\code\desarrollo\spaceship1414\spaceship1414\debug\player.sbr
c:\users\david\documents\github\code\desarrollo\spaceship1414\spaceship1414\debug\pared.sbr
c:\users\david\documents\github\code\desarrollo\spaceship1414\spaceship1414\debug\mundo3d.sbr
c:\users\david\documents\github\code\desarrollo\spaceship1414\spaceship1414\debug\main.sbr
c:\users\david\documents\github\code\desarrollo\spaceship1414\spaceship1414\debug\luces.sbr
c:\users\david\documents\github\code\desarrollo\spaceship1414\spaceship1414\debug\gui.sbr
c:\users\david\documents\github\code\desarrollo\spaceship1414\spaceship1414\debug\trecursotextura.sbr
c:\users\david\documents\github\code\desarrollo\spaceship1414\spaceship1414\debug\trecursomalla.sbr
c:\users\david\documents\github\code\desarrollo\spaceship1414\spaceship1414\debug\trecurso.sbr
c:\users\david\documents\github\code\desarrollo\spaceship1414\spaceship1414\debug\tgestorrecursos.sbr
c:\users\david\documents\github\code\desarrollo\spaceship1414\spaceship1414\debug\tgraphicengine.sbr
c:\users\david\documents\github\code\desarrollo\spaceship1414\spaceship1414\debug\openglshader.sbr
c:\users\david\documents\github\code\desarrollo\spaceship1414\spaceship1414\debug\movimenthandler.sbr
c:\users\david\documents\github\code\desarrollo\spaceship1414\spaceship1414\debug\movimenthandler.obj
c:\users\david\documents\github\code\desarrollo\spaceship1414\spaceship1414\debug\openglshader.obj
c:\users\david\documents\github\code\desarrollo\spaceship1414\spaceship1414\debug\tgraphicengine.obj
c:\users\david\documents\github\code\desarrollo\spaceship1414\spaceship1414\debug\tgestorrecursos.obj
c:\users\david\documents\github\code\desarrollo\spaceship1414\spaceship1414\debug\trecurso.obj
c:\users\david\documents\github\code\desarrollo\spaceship1414\spaceship1414\debug\trecursomalla.obj
c:\users\david\documents\github\code\desarrollo\spaceship1414\spaceship1414\debug\trecursotextura.obj
c:\users\david\documents\github\code\desarrollo\spaceship1414\spaceship1414\debug\gui.obj
c:\users\david\documents\github\code\desarrollo\spaceship1414\spaceship1414\debug\luces.obj
c:\users\david\documents\github\code\desarrollo\spaceship1414\spaceship1414\debug\main.obj
c:\users\david\documents\github\code\desarrollo\spaceship1414\spaceship1414\debug\mundo3d.obj
c:\users\david\documents\github\code\desarrollo\spaceship1414\spaceship1414\debug\pared.obj
c:\users\david\documents\github\code\desarrollo\spaceship1414\spaceship1414\debug\player.obj
c:\users\david\documents\github\code\desarrollo\spaceship1414\spaceship1414\debug\b2broadphase.obj
c:\users\david\documents\github\code\desarrollo\spaceship1414\spaceship1414\debug\b2collidecircle.obj
c:\users\david\documents\github\code\desarrollo\spaceship1414\spaceship1414\debug\b2collideedge.obj
c:\users\david\documents\github\code\desarrollo\spaceship1414\spaceship1414\debug\b2collidepolygon.obj
c:\users\david\documents\github\code\desarrollo\spaceship1414\spaceship1414\debug\b2collision.obj
c:\users\david\documents\github\code\desarrollo\spaceship1414\spaceship1414\debug\b2distance.obj
c:\users\david\documents\github\code\desarrollo\spaceship1414\spaceship1414\debug\ttransform.sbr
c:\users\david\documents\github\code\desarrollo\spaceship1414\spaceship1414\debug\tnodo.sbr
c:\users\david\documents\github\code\desarrollo\spaceship1414\spaceship1414\debug\tmalla.sbr
c:\users\david\documents\github\code\desarrollo\spaceship1414\spaceship1414\debug\tluz.sbr
c:\users\david\documents\github\code\desarrollo\spaceship1414\spaceship1414\debug\tentidad.sbr
c:\users\david\documents\github\code\desarrollo\spaceship1414\spaceship1414\debug\tcamara.sbr
c:\users\david\documents\github\code\desarrollo\spaceship1414\spaceship1414\debug\tanimacion.sbr
c:\users\david\documents\github\code\desarrollo\spaceship1414\spaceship1414\debug\maquinaestados.sbr
c:\users\david\documents\github\code\desarrollo\spaceship1414\spaceship1414\debug\estados.sbr
c:\users\david\documents\github\code\desarrollo\spaceship1414\spaceship1414\debug\pistola.sbr
c:\users\david\documents\github\code\desarrollo\spaceship1414\spaceship1414\debug\inventario.sbr
c:\users\david\documents\github\code\desarrollo\spaceship1414\spaceship1414\debug\fusil.sbr
c:\users\david\documents\github\code\desarrollo\spaceship1414\spaceship1414\debug\escopeta.sbr
c:\users\david\documents\github\code\desarrollo\spaceship1414\spaceship1414\debug\bala.sbr
c:\users\david\documents\github\code\desarrollo\spaceship1414\spaceship1414\debug\arma.sbr
c:\users\david\documents\github\code\desarrollo\spaceship1414\spaceship1414\debug\terminal.sbr
c:\users\david\documents\github\code\desarrollo\spaceship1414\spaceship1414\debug\puerta.sbr
c:\users\david\documents\github\code\desarrollo\spaceship1414\spaceship1414\debug\municionsubfusil.sbr
c:\users\david\documents\github\code\desarrollo\spaceship1414\spaceship1414\debug\municionpistola.sbr
c:\users\david\documents\github\code\desarrollo\spaceship1414\spaceship1414\debug\municionescopeta.sbr
c:\users\david\documents\github\code\desarrollo\spaceship1414\spaceship1414\debug\municionescopeta.obj
c:\users\david\documents\github\code\desarrollo\spaceship1414\spaceship1414\debug\municionpistola.obj
c:\users\david\documents\github\code\desarrollo\spaceship1414\spaceship1414\debug\municionsubfusil.obj
c:\users\david\documents\github\code\desarrollo\spaceship1414\spaceship1414\debug\puerta.obj
c:\users\david\documents\github\code\desarrollo\spaceship1414\spaceship1414\debug\terminal.obj
c:\users\david\documents\github\code\desarrollo\spaceship1414\spaceship1414\debug\arma.obj
c:\users\david\documents\github\code\desarrollo\spaceship1414\spaceship1414\debug\bala.obj
c:\users\david\documents\github\code\desarrollo\spaceship1414\spaceship1414\debug\escopeta.obj
c:\users\david\documents\github\code\desarrollo\spaceship1414\spaceship1414\debug\fusil.obj
c:\users\david\documents\github\code\desarrollo\spaceship1414\spaceship1414\debug\inventario.obj
c:\users\david\documents\github\code\desarrollo\spaceship1414\spaceship1414\debug\pistola.obj
c:\users\david\documents\github\code\desarrollo\spaceship1414\spaceship1414\debug\estados.obj
c:\users\david\documents\github\code\desarrollo\spaceship1414\spaceship1414\debug\maquinaestados.obj
c:\users\david\documents\github\code\desarrollo\spaceship1414\spaceship1414\debug\tanimacion.obj
c:\users\david\documents\github\code\desarrollo\spaceship1414\spaceship1414\debug\tcamara.obj
c:\users\david\documents\github\code\desarrollo\spaceship1414\spaceship1414\debug\tentidad.obj
c:\users\david\documents\github\code\desarrollo\spaceship1414\spaceship1414\debug\tluz.obj
c:\users\david\documents\github\code\desarrollo\spaceship1414\spaceship1414\debug\tmalla.obj
c:\users\david\documents\github\code\desarrollo\spaceship1414\spaceship1414\debug\tnodo.obj
c:\users\david\documents\github\code\desarrollo\spaceship1414\spaceship1414\debug\ttransform.obj
c:\users\david\documents\github\code\desarrollo\spaceship1414\spaceship1414\debug\objetos.sbr
c:\users\david\documents\github\code\desarrollo\spaceship1414\spaceship1414\debug\municion.sbr
c:\users\david\documents\github\code\desarrollo\spaceship1414\spaceship1414\debug\llave.sbr
c:\users\david\documents\github\code\desarrollo\spaceship1414\spaceship1414\debug\botiquines.sbr
c:\users\david\documents\github\code\desarrollo\spaceship1414\spaceship1414\debug\gldebugdraw.sbr
c:\users\david\documents\github\code\desarrollo\spaceship1414\spaceship1414\debug\raycastcallback.sbr
c:\users\david\documents\github\code\desarrollo\spaceship1414\spaceship1414\debug\mycontactfilter.sbr
c:\users\david\documents\github\code\desarrollo\spaceship1414\spaceship1414\debug\mundo.sbr
c:\users\david\documents\github\code\desarrollo\spaceship1414\spaceship1414\debug\micontactlistener.sbr
c:\users\david\documents\github\code\desarrollo\spaceship1414\spaceship1414\debug\entity2d.sbr
c:\users\david\documents\github\code\desarrollo\spaceship1414\spaceship1414\debug\b2gldraw.sbr
c:\users\david\documents\github\code\desarrollo\spaceship1414\spaceship1414\debug\entity3d.sbr
c:\users\david\documents\github\code\desarrollo\spaceship1414\spaceship1414\debug\escenario.sbr
c:\users\david\documents\github\code\desarrollo\spaceship1414\spaceship1414\debug\waypoints.sbr
c:\users\david\documents\github\code\desarrollo\spaceship1414\spaceship1414\debug\nodo.sbr
c:\users\david\documents\github\code\desarrollo\spaceship1414\spaceship1414\debug\navmeshes.sbr
c:\users\david\documents\github\code\desarrollo\spaceship1414\spaceship1414\debug\logicadifusa.sbr
c:\users\david\documents\github\code\desarrollo\spaceship1414\spaceship1414\debug\flocking.sbr
c:\users\david\documents\github\code\desarrollo\spaceship1414\spaceship1414\debug\enemigo.sbr
c:\users\david\documents\github\code\desarrollo\spaceship1414\spaceship1414\debug\criaalien.sbr
c:\users\david\documents\github\code\desarrollo\spaceship1414\spaceship1414\debug\criaalien.obj
c:\users\david\documents\github\code\desarrollo\spaceship1414\spaceship1414\debug\enemigo.obj
c:\users\david\documents\github\code\desarrollo\spaceship1414\spaceship1414\debug\flocking.obj
c:\users\david\documents\github\code\desarrollo\spaceship1414\spaceship1414\debug\logicadifusa.obj
c:\users\david\documents\github\code\desarrollo\spaceship1414\spaceship1414\debug\navmeshes.obj
c:\users\david\documents\github\code\desarrollo\spaceship1414\spaceship1414\debug\nodo.obj
c:\users\david\documents\github\code\desarrollo\spaceship1414\spaceship1414\debug\waypoints.obj
c:\users\david\documents\github\code\desarrollo\spaceship1414\spaceship1414\debug\escenario.obj
c:\users\david\documents\github\code\desarrollo\spaceship1414\spaceship1414\debug\entity3d.obj
c:\users\david\documents\github\code\desarrollo\spaceship1414\spaceship1414\debug\b2gldraw.obj
c:\users\david\documents\github\code\desarrollo\spaceship1414\spaceship1414\debug\entity2d.obj
c:\users\david\documents\github\code\desarrollo\spaceship1414\spaceship1414\debug\micontactlistener.obj
c:\users\david\documents\github\code\desarrollo\spaceship1414\spaceship1414\debug\mundo.obj
c:\users\david\documents\github\code\desarrollo\spaceship1414\spaceship1414\debug\mycontactfilter.obj
c:\users\david\documents\github\code\desarrollo\spaceship1414\spaceship1414\debug\raycastcallback.obj
c:\users\david\documents\github\code\desarrollo\spaceship1414\spaceship1414\debug\gldebugdraw.obj
c:\users\david\documents\github\code\desarrollo\spaceship1414\spaceship1414\debug\botiquines.obj
c:\users\david\documents\github\code\desarrollo\spaceship1414\spaceship1414\debug\llave.obj
c:\users\david\documents\github\code\desarrollo\spaceship1414\spaceship1414\debug\municion.obj
c:\users\david\documents\github\code\desarrollo\spaceship1414\spaceship1414\debug\objetos.obj
c:\users\david\documents\github\code\desarrollo\spaceship1414\spaceship1414\debug\behaivortree.sbr
c:\users\david\documents\github\code\desarrollo\spaceship1414\spaceship1414\debug\astar.sbr
c:\users\david\documents\github\code\desarrollo\spaceship1414\spaceship1414\debug\alienberserker.sbr
c:\users\david\documents\github\code\desarrollo\spaceship1414\spaceship1414\debug\camara.sbr
c:\users\david\documents\github\code\desarrollo\spaceship1414\spaceship1414\debug\activadorcamara.sbr
c:\users\david\documents\github\code\desarrollo\spaceship1414\spaceship1414\debug\activadorcamara.obj
c:\users\david\documents\github\code\desarrollo\spaceship1414\spaceship1414\debug\camara.obj
c:\users\david\documents\github\code\desarrollo\spaceship1414\spaceship1414\debug\alienberserker.obj
c:\users\david\documents\github\code\desarrollo\spaceship1414\spaceship1414\debug\astar.obj
c:\users\david\documents\github\code\desarrollo\spaceship1414\spaceship1414\debug\behaivortree.obj
c:\users\david\documents\github\code\desarrollo\spaceship1414\debug\spaceship1414.pdb
c:\users\david\documents\github\code\desarrollo\spaceship1414\debug\spaceship1414.exe
c:\users\david\documents\github\code\desarrollo\spaceship1414\spaceship1414\debug\spaceship1414.tlog\cl.command.1.tlog
c:\users\david\documents\github\code\desarrollo\spaceship1414\spaceship1414\debug\spaceship1414.tlog\cl.read.1.tlog
c:\users\david\documents\github\code\desarrollo\spaceship1414\spaceship1414\debug\spaceship1414.tlog\cl.write.1.tlog
