c:\users\david\desktop\spaceship1414\spaceship1414\x64\debug\vc140.pdb
c:\users\david\desktop\spaceship1414\spaceship1414\x64\debug\vc140.idb
c:\users\david\desktop\spaceship1414\spaceship1414\x64\debug\b2circlecontact.obj
c:\users\david\desktop\spaceship1414\spaceship1414\x64\debug\b2contact.obj
c:\users\david\desktop\spaceship1414\spaceship1414\x64\debug\b2contactsolver.obj
c:\users\david\desktop\spaceship1414\spaceship1414\x64\debug\b2edgeandcirclecontact.obj
c:\users\david\desktop\spaceship1414\spaceship1414\x64\debug\b2edgeandpolygoncontact.obj
c:\users\david\desktop\spaceship1414\spaceship1414\x64\debug\b2polygonandcirclecontact.obj
c:\users\david\desktop\spaceship1414\spaceship1414\x64\debug\b2polygoncontact.obj
c:\users\david\desktop\spaceship1414\spaceship1414\x64\debug\b2distancejoint.obj
c:\users\david\desktop\spaceship1414\spaceship1414\x64\debug\b2frictionjoint.obj
c:\users\david\desktop\spaceship1414\spaceship1414\x64\debug\b2gearjoint.obj
c:\users\david\desktop\spaceship1414\spaceship1414\x64\debug\b2joint.obj
c:\users\david\desktop\spaceship1414\spaceship1414\x64\debug\b2motorjoint.obj
c:\users\david\desktop\spaceship1414\spaceship1414\x64\debug\b2mousejoint.obj
c:\users\david\desktop\spaceship1414\spaceship1414\x64\debug\b2prismaticjoint.obj
c:\users\david\desktop\spaceship1414\spaceship1414\x64\debug\b2pulleyjoint.obj
c:\users\david\desktop\spaceship1414\spaceship1414\x64\debug\b2revolutejoint.obj
c:\users\david\desktop\spaceship1414\spaceship1414\x64\debug\b2ropejoint.obj
c:\users\david\desktop\spaceship1414\spaceship1414\x64\debug\b2weldjoint.obj
c:\users\david\desktop\spaceship1414\spaceship1414\x64\debug\b2wheeljoint.obj
c:\users\david\desktop\spaceship1414\spaceship1414\x64\debug\b2rope.obj
c:\users\david\desktop\spaceship1414\spaceship1414\x64\debug\b2dynamictree.obj
c:\users\david\desktop\spaceship1414\spaceship1414\x64\debug\b2timeofimpact.obj
c:\users\david\desktop\spaceship1414\spaceship1414\x64\debug\b2chainshape.obj
c:\users\david\desktop\spaceship1414\spaceship1414\x64\debug\b2circleshape.obj
c:\users\david\desktop\spaceship1414\spaceship1414\x64\debug\b2edgeshape.obj
c:\users\david\desktop\spaceship1414\spaceship1414\x64\debug\b2polygonshape.obj
c:\users\david\desktop\spaceship1414\spaceship1414\x64\debug\b2blockallocator.obj
c:\users\david\desktop\spaceship1414\spaceship1414\x64\debug\b2draw.obj
c:\users\david\desktop\spaceship1414\spaceship1414\x64\debug\b2math.obj
c:\users\david\desktop\spaceship1414\spaceship1414\x64\debug\b2settings.obj
c:\users\david\desktop\spaceship1414\spaceship1414\x64\debug\b2stackallocator.obj
c:\users\david\desktop\spaceship1414\spaceship1414\x64\debug\b2timer.obj
c:\users\david\desktop\spaceship1414\spaceship1414\x64\debug\b2body.obj
c:\users\david\desktop\spaceship1414\spaceship1414\x64\debug\b2contactmanager.obj
c:\users\david\desktop\spaceship1414\spaceship1414\x64\debug\b2fixture.obj
c:\users\david\desktop\spaceship1414\spaceship1414\x64\debug\b2island.obj
c:\users\david\desktop\spaceship1414\spaceship1414\x64\debug\b2world.obj
c:\users\david\desktop\spaceship1414\spaceship1414\x64\debug\b2worldcallbacks.obj
c:\users\david\desktop\spaceship1414\spaceship1414\x64\debug\b2chainandcirclecontact.obj
c:\users\david\desktop\spaceship1414\spaceship1414\x64\debug\b2chainandpolygoncontact.obj
c:\users\david\desktop\spaceship1414\spaceship1414\x64\debug\tgraphicengine.obj
c:\users\david\desktop\spaceship1414\spaceship1414\x64\debug\tgestorrecursos.obj
c:\users\david\desktop\spaceship1414\spaceship1414\x64\debug\trecurso.obj
c:\users\david\desktop\spaceship1414\spaceship1414\x64\debug\trecursomalla.obj
c:\users\david\desktop\spaceship1414\spaceship1414\x64\debug\trecursotextura.obj
c:\users\david\desktop\spaceship1414\spaceship1414\x64\debug\luces.obj
c:\users\david\desktop\spaceship1414\spaceship1414\x64\debug\menu.obj
c:\users\david\desktop\spaceship1414\spaceship1414\x64\debug\main.obj
c:\users\david\desktop\spaceship1414\spaceship1414\x64\debug\mundo3d.obj
c:\users\david\desktop\spaceship1414\spaceship1414\x64\debug\pared.obj
c:\users\david\desktop\spaceship1414\spaceship1414\x64\debug\maingame.obj
c:\users\david\desktop\spaceship1414\spaceship1414\x64\debug\player.obj
c:\users\david\desktop\spaceship1414\spaceship1414\x64\debug\readjson.obj
c:\users\david\desktop\spaceship1414\spaceship1414\x64\debug\movimenthandler.obj
c:\users\david\desktop\spaceship1414\spaceship1414\x64\debug\b2broadphase.obj
c:\users\david\desktop\spaceship1414\spaceship1414\x64\debug\b2collidecircle.obj
c:\users\david\desktop\spaceship1414\spaceship1414\x64\debug\b2collideedge.obj
c:\users\david\desktop\spaceship1414\spaceship1414\x64\debug\b2collidepolygon.obj
c:\users\david\desktop\spaceship1414\spaceship1414\x64\debug\b2collision.obj
c:\users\david\desktop\spaceship1414\spaceship1414\x64\debug\b2distance.obj
c:\users\david\desktop\spaceship1414\spaceship1414\x64\debug\municionsubfusil.obj
c:\users\david\desktop\spaceship1414\spaceship1414\x64\debug\puerta.obj
c:\users\david\desktop\spaceship1414\spaceship1414\x64\debug\terminal.obj
c:\users\david\desktop\spaceship1414\spaceship1414\x64\debug\arma.obj
c:\users\david\desktop\spaceship1414\spaceship1414\x64\debug\bala.obj
c:\users\david\desktop\spaceship1414\spaceship1414\x64\debug\escopeta.obj
c:\users\david\desktop\spaceship1414\spaceship1414\x64\debug\fusil.obj
c:\users\david\desktop\spaceship1414\spaceship1414\x64\debug\inventario.obj
c:\users\david\desktop\spaceship1414\spaceship1414\x64\debug\pistola.obj
c:\users\david\desktop\spaceship1414\spaceship1414\x64\debug\estados.obj
c:\users\david\desktop\spaceship1414\spaceship1414\x64\debug\maquinaestados.obj
c:\users\david\desktop\spaceship1414\spaceship1414\x64\debug\tgameengine.obj
c:\users\david\desktop\spaceship1414\spaceship1414\x64\debug\tanimacion.obj
c:\users\david\desktop\spaceship1414\spaceship1414\x64\debug\tcamara.obj
c:\users\david\desktop\spaceship1414\spaceship1414\x64\debug\tentidad.obj
c:\users\david\desktop\spaceship1414\spaceship1414\x64\debug\tluz.obj
c:\users\david\desktop\spaceship1414\spaceship1414\x64\debug\tmalla.obj
c:\users\david\desktop\spaceship1414\spaceship1414\x64\debug\tnodo.obj
c:\users\david\desktop\spaceship1414\spaceship1414\x64\debug\ttransform.obj
c:\users\david\desktop\spaceship1414\spaceship1414\x64\debug\openglshader.obj
c:\users\david\desktop\spaceship1414\spaceship1414\x64\debug\flocking.obj
c:\users\david\desktop\spaceship1414\spaceship1414\x64\debug\logicadifusa.obj
c:\users\david\desktop\spaceship1414\spaceship1414\x64\debug\navmeshes.obj
c:\users\david\desktop\spaceship1414\spaceship1414\x64\debug\nodo.obj
c:\users\david\desktop\spaceship1414\spaceship1414\x64\debug\waypoints.obj
c:\users\david\desktop\spaceship1414\spaceship1414\x64\debug\escenario.obj
c:\users\david\desktop\spaceship1414\spaceship1414\x64\debug\entity3d.obj
c:\users\david\desktop\spaceship1414\spaceship1414\x64\debug\b2gldraw.obj
c:\users\david\desktop\spaceship1414\spaceship1414\x64\debug\entity2d.obj
c:\users\david\desktop\spaceship1414\spaceship1414\x64\debug\micontactlistener.obj
c:\users\david\desktop\spaceship1414\spaceship1414\x64\debug\mundo.obj
c:\users\david\desktop\spaceship1414\spaceship1414\x64\debug\mycontactfilter.obj
c:\users\david\desktop\spaceship1414\spaceship1414\x64\debug\raycastcallback.obj
c:\users\david\desktop\spaceship1414\spaceship1414\x64\debug\gldebugdraw.obj
c:\users\david\desktop\spaceship1414\spaceship1414\x64\debug\botiquines.obj
c:\users\david\desktop\spaceship1414\spaceship1414\x64\debug\llave.obj
c:\users\david\desktop\spaceship1414\spaceship1414\x64\debug\municion.obj
c:\users\david\desktop\spaceship1414\spaceship1414\x64\debug\objetos.obj
c:\users\david\desktop\spaceship1414\spaceship1414\x64\debug\municionescopeta.obj
c:\users\david\desktop\spaceship1414\spaceship1414\x64\debug\municionpistola.obj
c:\users\david\desktop\spaceship1414\spaceship1414\x64\debug\perdido.obj
c:\users\david\desktop\spaceship1414\spaceship1414\x64\debug\salida.obj
c:\users\david\desktop\spaceship1414\spaceship1414\x64\debug\victoria.obj
c:\users\david\desktop\spaceship1414\spaceship1414\x64\debug\activadorcamara.obj
c:\users\david\desktop\spaceship1414\spaceship1414\x64\debug\camara.obj
c:\users\david\desktop\spaceship1414\spaceship1414\x64\debug\ajustes.obj
c:\users\david\desktop\spaceship1414\spaceship1414\x64\debug\estadosjuego.obj
c:\users\david\desktop\spaceship1414\spaceship1414\x64\debug\jugando.obj
c:\users\david\desktop\spaceship1414\spaceship1414\x64\debug\maquinaestadosjuego.obj
c:\users\david\desktop\spaceship1414\spaceship1414\x64\debug\alienberserker.obj
c:\users\david\desktop\spaceship1414\spaceship1414\x64\debug\astar.obj
c:\users\david\desktop\spaceship1414\spaceship1414\x64\debug\behaivortree.obj
c:\users\david\desktop\spaceship1414\spaceship1414\x64\debug\criaalien.obj
c:\users\david\desktop\spaceship1414\spaceship1414\x64\debug\enemigo.obj
c:\users\david\desktop\spaceship1414\x64\debug\spaceship1414.ilk
c:\users\david\desktop\spaceship1414\x64\debug\spaceship1414.exe
c:\users\david\desktop\spaceship1414\x64\debug\spaceship1414.pdb
c:\users\david\documents\github\abp\proyecto\spaceship1414\spaceship1414\x64\debug\activadorcamara.obj
c:\users\david\documents\github\abp\proyecto\spaceship1414\spaceship1414\x64\debug\ajustes.obj
c:\users\david\documents\github\abp\proyecto\spaceship1414\spaceship1414\x64\debug\alienberserker.obj
c:\users\david\documents\github\abp\proyecto\spaceship1414\spaceship1414\x64\debug\arma.obj
c:\users\david\documents\github\abp\proyecto\spaceship1414\spaceship1414\x64\debug\astar.obj
c:\users\david\documents\github\abp\proyecto\spaceship1414\spaceship1414\x64\debug\b2blockallocator.obj
c:\users\david\documents\github\abp\proyecto\spaceship1414\spaceship1414\x64\debug\b2body.obj
c:\users\david\documents\github\abp\proyecto\spaceship1414\spaceship1414\x64\debug\b2broadphase.obj
c:\users\david\documents\github\abp\proyecto\spaceship1414\spaceship1414\x64\debug\b2chainandcirclecontact.obj
c:\users\david\documents\github\abp\proyecto\spaceship1414\spaceship1414\x64\debug\b2chainandpolygoncontact.obj
c:\users\david\documents\github\abp\proyecto\spaceship1414\spaceship1414\x64\debug\b2chainshape.obj
c:\users\david\documents\github\abp\proyecto\spaceship1414\spaceship1414\x64\debug\b2circlecontact.obj
c:\users\david\documents\github\abp\proyecto\spaceship1414\spaceship1414\x64\debug\b2circleshape.obj
c:\users\david\documents\github\abp\proyecto\spaceship1414\spaceship1414\x64\debug\b2collidecircle.obj
c:\users\david\documents\github\abp\proyecto\spaceship1414\spaceship1414\x64\debug\b2collideedge.obj
c:\users\david\documents\github\abp\proyecto\spaceship1414\spaceship1414\x64\debug\b2collidepolygon.obj
c:\users\david\documents\github\abp\proyecto\spaceship1414\spaceship1414\x64\debug\b2collision.obj
c:\users\david\documents\github\abp\proyecto\spaceship1414\spaceship1414\x64\debug\b2contact.obj
c:\users\david\documents\github\abp\proyecto\spaceship1414\spaceship1414\x64\debug\b2contactmanager.obj
c:\users\david\documents\github\abp\proyecto\spaceship1414\spaceship1414\x64\debug\b2contactsolver.obj
c:\users\david\documents\github\abp\proyecto\spaceship1414\spaceship1414\x64\debug\b2distance.obj
c:\users\david\documents\github\abp\proyecto\spaceship1414\spaceship1414\x64\debug\b2distancejoint.obj
c:\users\david\documents\github\abp\proyecto\spaceship1414\spaceship1414\x64\debug\b2draw.obj
c:\users\david\documents\github\abp\proyecto\spaceship1414\spaceship1414\x64\debug\b2dynamictree.obj
c:\users\david\documents\github\abp\proyecto\spaceship1414\spaceship1414\x64\debug\b2edgeandcirclecontact.obj
c:\users\david\documents\github\abp\proyecto\spaceship1414\spaceship1414\x64\debug\b2edgeandpolygoncontact.obj
c:\users\david\documents\github\abp\proyecto\spaceship1414\spaceship1414\x64\debug\b2edgeshape.obj
c:\users\david\documents\github\abp\proyecto\spaceship1414\spaceship1414\x64\debug\b2fixture.obj
c:\users\david\documents\github\abp\proyecto\spaceship1414\spaceship1414\x64\debug\b2frictionjoint.obj
c:\users\david\documents\github\abp\proyecto\spaceship1414\spaceship1414\x64\debug\b2gearjoint.obj
c:\users\david\documents\github\abp\proyecto\spaceship1414\spaceship1414\x64\debug\b2gldraw.obj
c:\users\david\documents\github\abp\proyecto\spaceship1414\spaceship1414\x64\debug\b2island.obj
c:\users\david\documents\github\abp\proyecto\spaceship1414\spaceship1414\x64\debug\b2joint.obj
c:\users\david\documents\github\abp\proyecto\spaceship1414\spaceship1414\x64\debug\b2math.obj
c:\users\david\documents\github\abp\proyecto\spaceship1414\spaceship1414\x64\debug\b2motorjoint.obj
c:\users\david\documents\github\abp\proyecto\spaceship1414\spaceship1414\x64\debug\b2mousejoint.obj
c:\users\david\documents\github\abp\proyecto\spaceship1414\spaceship1414\x64\debug\b2polygonandcirclecontact.obj
c:\users\david\documents\github\abp\proyecto\spaceship1414\spaceship1414\x64\debug\b2polygoncontact.obj
c:\users\david\documents\github\abp\proyecto\spaceship1414\spaceship1414\x64\debug\b2polygonshape.obj
c:\users\david\documents\github\abp\proyecto\spaceship1414\spaceship1414\x64\debug\b2prismaticjoint.obj
c:\users\david\documents\github\abp\proyecto\spaceship1414\spaceship1414\x64\debug\b2pulleyjoint.obj
c:\users\david\documents\github\abp\proyecto\spaceship1414\spaceship1414\x64\debug\b2revolutejoint.obj
c:\users\david\documents\github\abp\proyecto\spaceship1414\spaceship1414\x64\debug\b2rope.obj
c:\users\david\documents\github\abp\proyecto\spaceship1414\spaceship1414\x64\debug\b2ropejoint.obj
c:\users\david\documents\github\abp\proyecto\spaceship1414\spaceship1414\x64\debug\b2settings.obj
c:\users\david\documents\github\abp\proyecto\spaceship1414\spaceship1414\x64\debug\b2stackallocator.obj
c:\users\david\documents\github\abp\proyecto\spaceship1414\spaceship1414\x64\debug\b2timeofimpact.obj
c:\users\david\documents\github\abp\proyecto\spaceship1414\spaceship1414\x64\debug\b2timer.obj
c:\users\david\documents\github\abp\proyecto\spaceship1414\spaceship1414\x64\debug\b2weldjoint.obj
c:\users\david\documents\github\abp\proyecto\spaceship1414\spaceship1414\x64\debug\b2wheeljoint.obj
c:\users\david\documents\github\abp\proyecto\spaceship1414\spaceship1414\x64\debug\b2world.obj
c:\users\david\documents\github\abp\proyecto\spaceship1414\spaceship1414\x64\debug\b2worldcallbacks.obj
c:\users\david\documents\github\abp\proyecto\spaceship1414\spaceship1414\x64\debug\bala.obj
c:\users\david\documents\github\abp\proyecto\spaceship1414\spaceship1414\x64\debug\behaivortree.obj
c:\users\david\documents\github\abp\proyecto\spaceship1414\spaceship1414\x64\debug\botiquines.obj
c:\users\david\documents\github\abp\proyecto\spaceship1414\spaceship1414\x64\debug\camara.obj
c:\users\david\documents\github\abp\proyecto\spaceship1414\spaceship1414\x64\debug\criaalien.obj
c:\users\david\documents\github\abp\proyecto\spaceship1414\spaceship1414\x64\debug\enemigo.obj
c:\users\david\documents\github\abp\proyecto\spaceship1414\spaceship1414\x64\debug\entity2d.obj
c:\users\david\documents\github\abp\proyecto\spaceship1414\spaceship1414\x64\debug\entity3d.obj
c:\users\david\documents\github\abp\proyecto\spaceship1414\spaceship1414\x64\debug\escenario.obj
c:\users\david\documents\github\abp\proyecto\spaceship1414\spaceship1414\x64\debug\escopeta.obj
c:\users\david\documents\github\abp\proyecto\spaceship1414\spaceship1414\x64\debug\estados.obj
c:\users\david\documents\github\abp\proyecto\spaceship1414\spaceship1414\x64\debug\estadosjuego.obj
c:\users\david\documents\github\abp\proyecto\spaceship1414\spaceship1414\x64\debug\flocking.obj
c:\users\david\documents\github\abp\proyecto\spaceship1414\spaceship1414\x64\debug\fusil.obj
c:\users\david\documents\github\abp\proyecto\spaceship1414\spaceship1414\x64\debug\gldebugdraw.obj
c:\users\david\documents\github\abp\proyecto\spaceship1414\spaceship1414\x64\debug\inventario.obj
c:\users\david\documents\github\abp\proyecto\spaceship1414\spaceship1414\x64\debug\jugando.obj
c:\users\david\documents\github\abp\proyecto\spaceship1414\spaceship1414\x64\debug\llave.obj
c:\users\david\documents\github\abp\proyecto\spaceship1414\spaceship1414\x64\debug\logicadifusa.obj
c:\users\david\documents\github\abp\proyecto\spaceship1414\spaceship1414\x64\debug\luces.obj
c:\users\david\documents\github\abp\proyecto\spaceship1414\spaceship1414\x64\debug\main.obj
c:\users\david\documents\github\abp\proyecto\spaceship1414\spaceship1414\x64\debug\maingame.obj
c:\users\david\documents\github\abp\proyecto\spaceship1414\spaceship1414\x64\debug\maquinaestados.obj
c:\users\david\documents\github\abp\proyecto\spaceship1414\spaceship1414\x64\debug\maquinaestadosjuego.obj
c:\users\david\documents\github\abp\proyecto\spaceship1414\spaceship1414\x64\debug\menu.obj
c:\users\david\documents\github\abp\proyecto\spaceship1414\spaceship1414\x64\debug\micontactlistener.obj
c:\users\david\documents\github\abp\proyecto\spaceship1414\spaceship1414\x64\debug\movimenthandler.obj
c:\users\david\documents\github\abp\proyecto\spaceship1414\spaceship1414\x64\debug\mundo.obj
c:\users\david\documents\github\abp\proyecto\spaceship1414\spaceship1414\x64\debug\mundo3d.obj
c:\users\david\documents\github\abp\proyecto\spaceship1414\spaceship1414\x64\debug\municion.obj
c:\users\david\documents\github\abp\proyecto\spaceship1414\spaceship1414\x64\debug\municionescopeta.obj
c:\users\david\documents\github\abp\proyecto\spaceship1414\spaceship1414\x64\debug\municionpistola.obj
c:\users\david\documents\github\abp\proyecto\spaceship1414\spaceship1414\x64\debug\municionsubfusil.obj
c:\users\david\documents\github\abp\proyecto\spaceship1414\spaceship1414\x64\debug\mycontactfilter.obj
c:\users\david\documents\github\abp\proyecto\spaceship1414\spaceship1414\x64\debug\navmeshes.obj
c:\users\david\documents\github\abp\proyecto\spaceship1414\spaceship1414\x64\debug\nodo.obj
c:\users\david\documents\github\abp\proyecto\spaceship1414\spaceship1414\x64\debug\objetos.obj
c:\users\david\documents\github\abp\proyecto\spaceship1414\spaceship1414\x64\debug\openglshader.obj
c:\users\david\documents\github\abp\proyecto\spaceship1414\spaceship1414\x64\debug\pared.obj
c:\users\david\documents\github\abp\proyecto\spaceship1414\spaceship1414\x64\debug\perdido.obj
c:\users\david\documents\github\abp\proyecto\spaceship1414\spaceship1414\x64\debug\pistola.obj
c:\users\david\documents\github\abp\proyecto\spaceship1414\spaceship1414\x64\debug\player.obj
c:\users\david\documents\github\abp\proyecto\spaceship1414\spaceship1414\x64\debug\puerta.obj
c:\users\david\documents\github\abp\proyecto\spaceship1414\spaceship1414\x64\debug\raycastcallback.obj
c:\users\david\documents\github\abp\proyecto\spaceship1414\spaceship1414\x64\debug\readjson.obj
c:\users\david\documents\github\abp\proyecto\spaceship1414\spaceship1414\x64\debug\salida.obj
c:\users\david\documents\github\abp\proyecto\spaceship1414\spaceship1414\x64\debug\tanimacion.obj
c:\users\david\documents\github\abp\proyecto\spaceship1414\spaceship1414\x64\debug\tcamara.obj
c:\users\david\documents\github\abp\proyecto\spaceship1414\spaceship1414\x64\debug\tentidad.obj
c:\users\david\documents\github\abp\proyecto\spaceship1414\spaceship1414\x64\debug\terminal.obj
c:\users\david\documents\github\abp\proyecto\spaceship1414\spaceship1414\x64\debug\tgameengine.obj
c:\users\david\documents\github\abp\proyecto\spaceship1414\spaceship1414\x64\debug\tgestorrecursos.obj
c:\users\david\documents\github\abp\proyecto\spaceship1414\spaceship1414\x64\debug\tgraphicengine.obj
c:\users\david\documents\github\abp\proyecto\spaceship1414\spaceship1414\x64\debug\tluz.obj
c:\users\david\documents\github\abp\proyecto\spaceship1414\spaceship1414\x64\debug\tmalla.obj
c:\users\david\documents\github\abp\proyecto\spaceship1414\spaceship1414\x64\debug\tnodo.obj
c:\users\david\documents\github\abp\proyecto\spaceship1414\spaceship1414\x64\debug\trecurso.obj
c:\users\david\documents\github\abp\proyecto\spaceship1414\spaceship1414\x64\debug\trecursomalla.obj
c:\users\david\documents\github\abp\proyecto\spaceship1414\spaceship1414\x64\debug\trecursotextura.obj
c:\users\david\documents\github\abp\proyecto\spaceship1414\spaceship1414\x64\debug\ttransform.obj
c:\users\david\documents\github\abp\proyecto\spaceship1414\spaceship1414\x64\debug\victoria.obj
c:\users\david\documents\github\abp\proyecto\spaceship1414\spaceship1414\x64\debug\waypoints.obj
c:\users\david\documents\github\abp\proyecto\spaceship1414\spaceship1414\x64\debug\vc140.idb
c:\users\david\documents\github\abp\proyecto\spaceship1414\spaceship1414\x64\debug\vc140.pdb
c:\users\david\documents\github\abp\proyecto\spaceship1414\x64\debug\spaceship1414.pdb
c:\users\david\documents\github\abp\proyecto\spaceship1414\x64\debug\spaceship1414.exe
c:\users\david\documents\github\abp\proyecto\spaceship1414\x64\debug\spaceship1414.ilk
c:\users\david\documents\github\abp\proyecto\spaceship1414\spaceship1414\x64\debug\spaceship1414.tlog\cl.command.1.tlog
c:\users\david\documents\github\abp\proyecto\spaceship1414\spaceship1414\x64\debug\spaceship1414.tlog\cl.read.1.tlog
c:\users\david\documents\github\abp\proyecto\spaceship1414\spaceship1414\x64\debug\spaceship1414.tlog\cl.write.1.tlog
c:\users\david\documents\github\abp\proyecto\spaceship1414\spaceship1414\x64\debug\spaceship1414.tlog\link.command.1.tlog
c:\users\david\documents\github\abp\proyecto\spaceship1414\spaceship1414\x64\debug\spaceship1414.tlog\link.read.1.tlog
c:\users\david\documents\github\abp\proyecto\spaceship1414\spaceship1414\x64\debug\spaceship1414.tlog\link.write.1.tlog
